<?xml version="1.0" encoding="UTF-8"?>
<testng-results ignored="0" total="1" passed="1" failed="0" skipped="0">
  <reporter-output>
    <line>
      <![CDATA[Completed data found in response body]]>
    </line>
    <line>
      <![CDATA[Completed data created by in db]]>
    </line>
    <line>
      <![CDATA[Verification successful]]>
    </line>
  </reporter-output>
  <suite started-at="2022-02-12T21:19:44 IST" name="Default suite" finished-at="2022-02-12T21:20:00 IST" duration-ms="15356">
    <groups>
    </groups>
    <test started-at="2022-02-12T21:19:44 IST" name="Default test" finished-at="2022-02-12T21:20:00 IST" duration-ms="15356">
      <class name="com.RmgyantraTest.UpdateProjectAndVerifyinDatabaseTest">
        <test-method is-config="true" signature="bsconfig()[pri:0, instance:com.RmgyantraTest.UpdateProjectAndVerifyinDatabaseTest@31d7b7bf]" started-at="2022-02-12T21:19:43 IST" name="bsconfig" finished-at="2022-02-12T21:19:44 IST" duration-ms="1356" status="PASS">
          <reporter-output>
          </reporter-output>
        </test-method> <!-- bsconfig -->
        <test-method signature="updateprojectandverifyindatabase()[pri:0, instance:com.RmgyantraTest.UpdateProjectAndVerifyinDatabaseTest@31d7b7bf]" started-at="2022-02-12T21:19:45 IST" name="updateprojectandverifyindatabase" finished-at="2022-02-12T21:20:00 IST" duration-ms="15303" status="PASS">
          <reporter-output>
            <line>
              <![CDATA[Completed data found in response body]]>
            </line>
            <line>
              <![CDATA[Completed data created by in db]]>
            </line>
            <line>
              <![CDATA[Verification successful]]>
            </line>
          </reporter-output>
        </test-method> <!-- updateprojectandverifyindatabase -->
        <test-method is-config="true" signature="asconfig()[pri:0, instance:com.RmgyantraTest.UpdateProjectAndVerifyinDatabaseTest@31d7b7bf]" started-at="2022-02-12T21:20:00 IST" name="asconfig" finished-at="2022-02-12T21:20:00 IST" duration-ms="8" status="PASS">
          <reporter-output>
          </reporter-output>
        </test-method> <!-- asconfig -->
      </class> <!-- com.RmgyantraTest.UpdateProjectAndVerifyinDatabaseTest -->
    </test> <!-- Default test -->
  </suite> <!-- Default suite -->
</testng-results>
